app/build/intermediates/manifest_merge_blame_file/debug/manifest-merger-blame-debug-report.txt
1<?xml version="1.0" encoding="utf-8"?>
2<manifest xmlns:android="http://schemas.android.com/apk/res/android"
3    package="com.example.biblio"
4    android:versionCode="1"
5    android:versionName="1.0" >
6
7    <uses-sdk
8        android:minSdkVersion="23"
8-->src\main\AndroidManifest.xml
9        android:targetSdkVersion="29" />
9-->src\main\AndroidManifest.xml
10
11    <uses-permission android:name="android.permission.INTERNET" />
11-->src\main\AndroidManifest.xml:6:5-67
11-->src\main\AndroidManifest.xml:6:22-64
12
13    <application
13-->src\main\AndroidManifest.xml:8:5-26:19
14        android:allowBackup="true"
14-->src\main\AndroidManifest.xml:9:9-35
15        android:appComponentFactory="androidx.core.app.CoreComponentFactory"
15-->[androidx.core:core:1.1.0] AndroidManifest.xml:24:18-86
16        android:debuggable="true"
17        android:fullBackupContent="@xml/backup_descriptor"
17-->src\main\AndroidManifest.xml:10:9-59
18        android:icon="@mipmap/icon"
18-->src\main\AndroidManifest.xml:11:9-36
19        android:label="@string/app_name"
19-->src\main\AndroidManifest.xml:12:9-41
20        android:roundIcon="@mipmap/icon_round"
20-->src\main\AndroidManifest.xml:13:9-47
21        android:supportsRtl="true"
21-->src\main\AndroidManifest.xml:14:9-35
22        android:theme="@style/AppTheme" >
22-->src\main\AndroidManifest.xml:15:9-40
23        <activity android:name="com.example.bibliotekapp.BookActivity" />
23-->src\main\AndroidManifest.xml:17:9-59
23-->src\main\AndroidManifest.xml:17:19-47
24        <activity android:name="com.example.bibliotekapp.SearchActivity" />
24-->src\main\AndroidManifest.xml:18:9-52
24-->src\main\AndroidManifest.xml:18:19-49
25        <activity
25-->src\main\AndroidManifest.xml:19:9-25:20
26            android:name="com.example.bibliotekapp.MainActivity"
26-->src\main\AndroidManifest.xml:19:19-47
27            android:screenOrientation="portrait" >
27-->src\main\AndroidManifest.xml:19:48-84
28            <intent-filter>
28-->src\main\AndroidManifest.xml:20:13-24:29
29                <action android:name="android.intent.action.MAIN" />
29-->src\main\AndroidManifest.xml:21:17-69
29-->src\main\AndroidManifest.xml:21:25-66
30
31                <category android:name="android.intent.category.LAUNCHER" />
31-->src\main\AndroidManifest.xml:23:17-77
31-->src\main\AndroidManifest.xml:23:27-74
32            </intent-filter>
33        </activity>
34    </application>
35
36</manifest>